<!DOCTYPE html PUBLIC "-//W3C//DTD XHTML 1.1//EN" "http://www.w3.org/TR/xhtml11/DTD/xhtml11.dtd">
<html xmlns="http://www.w3.org/1999/xhtml">
<head>
<meta http-equiv="content-type" content="text/html; charset=UTF-8"/>
<title>TestNG Report</title>
<style type="text/css">table {margin-bottom:10px;border-collapse:collapse;empty-cells:show}th,td {border:1px solid #009;padding:.25em .5em}th {vertical-align:bottom}td {vertical-align:top}table a {font-weight:bold}.stripe td {background-color: #E6EBF9}.num {text-align:right}.passedodd td {background-color: #3F3}.passedeven td {background-color: #0A0}.skippedodd td {background-color: #DDD}.skippedeven td {background-color: #CCC}.failedodd td,.attn {background-color: #F33}.failedeven td,.stripe .attn {background-color: #D00}.stacktrace {white-space:pre;font-family:monospace}.totop {font-size:85%;text-align:center;border-bottom:2px solid #000}.invisible {display:none}</style>
</head>
<body>
<table>
<tr><th>Test</th><th># Passed</th><th># Skipped</th><th># Failed</th><th>Time (ms)</th><th>Included Groups</th><th>Excluded Groups</th></tr>
<tr><th colspan="7">COM API TEST PRODUCTION</th></tr>
<tr><td><a href="#t0">DashBoard Test</a></td><td class="num">5</td><td class="num">0</td><td class="num">0</td><td class="num">42,594</td><td></td><td></td></tr>
<tr class="stripe"><td><a href="#t1">Benefit Test</a></td><td class="num">4</td><td class="num attn">1</td><td class="num attn">1</td><td class="num">111,414</td><td></td><td></td></tr>
<tr><td><a href="#t2">My Hospital</a></td><td class="num">4</td><td class="num">0</td><td class="num">0</td><td class="num">54,168</td><td></td><td></td></tr>
<tr><th>Total</th><th class="num">13</th><th class="num attn">1</th><th class="num attn">1</th><th class="num">208,176</th><th colspan="2"></th></tr>
</table>
<table id='summary'><thead><tr><th>Class</th><th>Method</th><th>Start</th><th>Time (ms)</th></tr></thead><tbody><tr><th colspan="4">COM API TEST PRODUCTION</th></tr></tbody><tbody id="t0"><tr><th colspan="4">DashBoard Test &#8212; passed</th></tr><tr class="passedeven"><td rowspan="5">DashBoard</td><td><a href="#m0">AddFamilyMembersTest</a></td><td rowspan="1">1632475369220</td><td rowspan="1">1</td></tr><tr class="passedeven"><td><a href="#m1">EnrolleeTest</a></td><td rowspan="1">1632475367458</td><td rowspan="1">1756</td></tr><tr class="passedeven"><td><a href="#m2">LandingPageTest</a></td><td rowspan="1">1632475336395</td><td rowspan="1">9772</td></tr><tr class="passedeven"><td><a href="#m3">MenuTest</a></td><td rowspan="1">1632475360809</td><td rowspan="1">6644</td></tr><tr class="passedeven"><td><a href="#m4">VerifyAllLinks</a></td><td rowspan="1">1632475346204</td><td rowspan="1">14598</td></tr></tbody>
<tbody id="t1"><tr><th colspan="4">Benefit Test &#8212; failed</th></tr><tr class="failedeven"><td rowspan="1">BenefitTest</td><td><a href="#m5">SearchBenefitNegativeTest</a></td><td rowspan="1">1632475452400</td><td rowspan="1">31412</td></tr><tr><th colspan="4">Benefit Test &#8212; skipped</th></tr><tr class="skippedeven"><td rowspan="1">BenefitTest</td><td><a href="#m6">SearchBenefitNegativeTest</a></td><td rowspan="1">1632475424571</td><td rowspan="1">21948</td></tr><tr><th colspan="4">Benefit Test &#8212; passed</th></tr><tr class="passedeven"><td rowspan="4">BenefitTest</td><td><a href="#m7">AccessSecondaryCareTest</a></td><td rowspan="1">1632475484429</td><td rowspan="1">2012</td></tr><tr class="passedeven"><td><a href="#m8">LandingPageTest</a></td><td rowspan="1">1632475386608</td><td rowspan="1">9677</td></tr><tr class="passedeven"><td><a href="#m9">SearchBenefitPositiveTest</a></td><td rowspan="1">1632475419492</td><td rowspan="1">5065</td></tr><tr class="passedeven"><td><a href="#m10">VerifyAllLinks</a></td><td rowspan="1">1632475396294</td><td rowspan="1">23186</td></tr></tbody>
<tbody id="t2"><tr><th colspan="4">My Hospital &#8212; passed</th></tr><tr class="passedeven"><td rowspan="4">MyHospitalTest</td><td><a href="#m11">LandingPageTest</a></td><td rowspan="1">1632475503978</td><td rowspan="1">12172</td></tr><tr class="passedeven"><td><a href="#m12">SearchHospitalNegativeTest</a></td><td rowspan="1">1632475541539</td><td rowspan="1">4251</td></tr><tr class="passedeven"><td><a href="#m13">SearchHospitalPositiveTest</a></td><td rowspan="1">1632475535562</td><td rowspan="1">5973</td></tr><tr class="passedeven"><td><a href="#m14">VerifyAllLinks</a></td><td rowspan="1">1632475516157</td><td rowspan="1">19398</td></tr></tbody>
</table>
<h2>DashBoard Test</h2><h3 id="m0">DashBoard#AddFamilyMembersTest</h3><table class="result"><tr><th class="invisible"/></tr></table><p class="totop"><a href="#summary">back to summary</a></p>
<h3 id="m1">DashBoard#EnrolleeTest</h3><table class="result"><tr><th class="invisible"/></tr></table><p class="totop"><a href="#summary">back to summary</a></p>
<h3 id="m2">DashBoard#LandingPageTest</h3><table class="result"><tr><th class="invisible"/></tr></table><p class="totop"><a href="#summary">back to summary</a></p>
<h3 id="m3">DashBoard#MenuTest</h3><table class="result"><tr><th class="invisible"/></tr></table><p class="totop"><a href="#summary">back to summary</a></p>
<h3 id="m4">DashBoard#VerifyAllLinks</h3><table class="result"><tr><th class="invisible"/></tr></table><p class="totop"><a href="#summary">back to summary</a></p>
<h2>Benefit Test</h2><h3 id="m5">BenefitTest#SearchBenefitNegativeTest</h3><table class="result"><tr><th>Exception</th></tr><tr><td><div class="stacktrace">java.lang.AssertionError: expected [true] but found [false]
	at org.testng.Assert.fail(Assert.java:96)
	at org.testng.Assert.failNotEquals(Assert.java:776)
	at org.testng.Assert.assertTrue(Assert.java:44)
	at org.testng.Assert.assertTrue(Assert.java:54)
	at BenefitTest.SearchBenefitNegativeTest(BenefitTest.java:37)
	at java.base/jdk.internal.reflect.NativeMethodAccessorImpl.invoke0(Native Method)
	at java.base/jdk.internal.reflect.NativeMethodAccessorImpl.invoke(NativeMethodAccessorImpl.java:78)
	at java.base/jdk.internal.reflect.DelegatingMethodAccessorImpl.invoke(DelegatingMethodAccessorImpl.java:43)
	at java.base/java.lang.reflect.Method.invoke(Method.java:567)
	at org.testng.internal.MethodInvocationHelper.invokeMethod(MethodInvocationHelper.java:124)
	at org.testng.internal.Invoker.invokeMethod(Invoker.java:583)
	at org.testng.internal.Invoker.retryFailed(Invoker.java:839)
	at org.testng.internal.Invoker.invokeTestMethods(Invoker.java:1010)
	at org.testng.internal.TestMethodWorker.invokeTestMethods(TestMethodWorker.java:125)
	at org.testng.internal.TestMethodWorker.run(TestMethodWorker.java:109)
	at org.testng.TestRunner.privateRun(TestRunner.java:648)
	at org.testng.TestRunner.run(TestRunner.java:505)
	at org.testng.SuiteRunner.runTest(SuiteRunner.java:455)
	at org.testng.SuiteRunner.runSequentially(SuiteRunner.java:450)
	at org.testng.SuiteRunner.privateRun(SuiteRunner.java:415)
	at org.testng.SuiteRunner.run(SuiteRunner.java:364)
	at org.testng.SuiteRunnerWorker.runSuite(SuiteRunnerWorker.java:52)
	at org.testng.SuiteRunnerWorker.run(SuiteRunnerWorker.java:84)
	at org.testng.TestNG.runSuitesSequentially(TestNG.java:1208)
	at org.testng.TestNG.runSuitesLocally(TestNG.java:1137)
	at org.testng.TestNG.runSuites(TestNG.java:1049)
	at org.testng.TestNG.run(TestNG.java:1017)
	at org.apache.maven.surefire.testng.TestNGExecutor.run(TestNGExecutor.java:281)
	at org.apache.maven.surefire.testng.TestNGXmlTestSuite.execute(TestNGXmlTestSuite.java:75)
	at org.apache.maven.surefire.testng.TestNGProvider.invoke(TestNGProvider.java:121)
	at org.apache.maven.surefire.booter.ForkedBooter.invokeProviderInSameClassLoader(ForkedBooter.java:290)
	at org.apache.maven.surefire.booter.ForkedBooter.runSuitesInProcess(ForkedBooter.java:242)
	at org.apache.maven.surefire.booter.ForkedBooter.main(ForkedBooter.java:121)
</div></td></tr></table><p class="totop"><a href="#summary">back to summary</a></p>
<h3 id="m6">BenefitTest#SearchBenefitNegativeTest</h3><table class="result"><tr><th>Exception</th></tr><tr><td><div class="stacktrace">java.lang.AssertionError: expected [true] but found [false]
	at org.testng.Assert.fail(Assert.java:96)
	at org.testng.Assert.failNotEquals(Assert.java:776)
	at org.testng.Assert.assertTrue(Assert.java:44)
	at org.testng.Assert.assertTrue(Assert.java:54)
	at BenefitTest.SearchBenefitNegativeTest(BenefitTest.java:37)
	at java.base/jdk.internal.reflect.NativeMethodAccessorImpl.invoke0(Native Method)
	at java.base/jdk.internal.reflect.NativeMethodAccessorImpl.invoke(NativeMethodAccessorImpl.java:78)
	at java.base/jdk.internal.reflect.DelegatingMethodAccessorImpl.invoke(DelegatingMethodAccessorImpl.java:43)
	at java.base/java.lang.reflect.Method.invoke(Method.java:567)
	at org.testng.internal.MethodInvocationHelper.invokeMethod(MethodInvocationHelper.java:124)
	at org.testng.internal.Invoker.invokeMethod(Invoker.java:583)
	at org.testng.internal.Invoker.invokeTestMethod(Invoker.java:719)
	at org.testng.internal.Invoker.invokeTestMethods(Invoker.java:989)
	at org.testng.internal.TestMethodWorker.invokeTestMethods(TestMethodWorker.java:125)
	at org.testng.internal.TestMethodWorker.run(TestMethodWorker.java:109)
	at org.testng.TestRunner.privateRun(TestRunner.java:648)
	at org.testng.TestRunner.run(TestRunner.java:505)
	at org.testng.SuiteRunner.runTest(SuiteRunner.java:455)
	at org.testng.SuiteRunner.runSequentially(SuiteRunner.java:450)
	at org.testng.SuiteRunner.privateRun(SuiteRunner.java:415)
	at org.testng.SuiteRunner.run(SuiteRunner.java:364)
	at org.testng.SuiteRunnerWorker.runSuite(SuiteRunnerWorker.java:52)
	at org.testng.SuiteRunnerWorker.run(SuiteRunnerWorker.java:84)
	at org.testng.TestNG.runSuitesSequentially(TestNG.java:1208)
	at org.testng.TestNG.runSuitesLocally(TestNG.java:1137)
	at org.testng.TestNG.runSuites(TestNG.java:1049)
	at org.testng.TestNG.run(TestNG.java:1017)
	at org.apache.maven.surefire.testng.TestNGExecutor.run(TestNGExecutor.java:281)
	at org.apache.maven.surefire.testng.TestNGXmlTestSuite.execute(TestNGXmlTestSuite.java:75)
	at org.apache.maven.surefire.testng.TestNGProvider.invoke(TestNGProvider.java:121)
	at org.apache.maven.surefire.booter.ForkedBooter.invokeProviderInSameClassLoader(ForkedBooter.java:290)
	at org.apache.maven.surefire.booter.ForkedBooter.runSuitesInProcess(ForkedBooter.java:242)
	at org.apache.maven.surefire.booter.ForkedBooter.main(ForkedBooter.java:121)
</div></td></tr></table><p class="totop"><a href="#summary">back to summary</a></p>
<h3 id="m7">BenefitTest#AccessSecondaryCareTest</h3><table class="result"><tr><th class="invisible"/></tr></table><p class="totop"><a href="#summary">back to summary</a></p>
<h3 id="m8">BenefitTest#LandingPageTest</h3><table class="result"><tr><th class="invisible"/></tr></table><p class="totop"><a href="#summary">back to summary</a></p>
<h3 id="m9">BenefitTest#SearchBenefitPositiveTest</h3><table class="result"><tr><th class="invisible"/></tr></table><p class="totop"><a href="#summary">back to summary</a></p>
<h3 id="m10">BenefitTest#VerifyAllLinks</h3><table class="result"><tr><th class="invisible"/></tr></table><p class="totop"><a href="#summary">back to summary</a></p>
<h2>My Hospital</h2><h3 id="m11">MyHospitalTest#LandingPageTest</h3><table class="result"><tr><th class="invisible"/></tr></table><p class="totop"><a href="#summary">back to summary</a></p>
<h3 id="m12">MyHospitalTest#SearchHospitalNegativeTest</h3><table class="result"><tr><th class="invisible"/></tr></table><p class="totop"><a href="#summary">back to summary</a></p>
<h3 id="m13">MyHospitalTest#SearchHospitalPositiveTest</h3><table class="result"><tr><th class="invisible"/></tr></table><p class="totop"><a href="#summary">back to summary</a></p>
<h3 id="m14">MyHospitalTest#VerifyAllLinks</h3><table class="result"><tr><th class="invisible"/></tr></table><p class="totop"><a href="#summary">back to summary</a></p>
</body>
</html>
