<?xml version="1.0" encoding="UTF-8"?>
<testsuite xmlns:xsi="http://www.w3.org/2001/XMLSchema-instance" xsi:schemaLocation="https://maven.apache.org/surefire/maven-surefire-plugin/xsd/surefire-test-report.xsd" name="TestSuite" time="225.159" tests="15" errors="0" skipped="1" failures="1">
  <properties>
    <property name="idea.version" value="2021.2.1"/>
    <property name="java.runtime.name" value="Java(TM) SE Runtime Environment"/>
    <property name="java.vm.version" value="16.0.2+7-67"/>
    <property name="sun.boot.library.path" value="/Library/Java/JavaVirtualMachines/jdk-16.0.2.jdk/Contents/Home/lib"/>
    <property name="maven.multiModuleProjectDirectory" value="/Users/reliancehmo/IdeaProjects/RHMWeb_test_framework"/>
    <property name="java.vm.vendor" value="Oracle Corporation"/>
    <property name="java.vendor.url" value="https://java.oracle.com/"/>
    <property name="guice.disable.misplaced.annotation.check" value="true"/>
    <property name="path.separator" value=":"/>
    <property name="java.vm.name" value="Java HotSpot(TM) 64-Bit Server VM"/>
    <property name="user.country" value="US"/>
    <property name="sun.java.launcher" value="SUN_STANDARD"/>
    <property name="java.vm.specification.name" value="Java Virtual Machine Specification"/>
    <property name="user.dir" value="/Users/reliancehmo/IdeaProjects/RHMWeb_test_framework"/>
    <property name="java.vm.compressedOopsMode" value="Zero based"/>
    <property name="java.runtime.version" value="16.0.2+7-67"/>
    <property name="os.arch" value="x86_64"/>
    <property name="java.io.tmpdir" value="/var/folders/2j/f21z8yy562356kd5df1y1kww0000gn/T/"/>
    <property name="line.separator" value="&#10;"/>
    <property name="java.vm.specification.vendor" value="Oracle Corporation"/>
    <property name="os.name" value="Mac OS X"/>
    <property name="maven.ext.class.path" value="/Applications/IntelliJ IDEA CE.app/Contents/plugins/maven/lib/maven-event-listener.jar"/>
    <property name="classworlds.conf" value="/Applications/IntelliJ IDEA CE.app/Contents/plugins/maven/lib/maven3/bin/m2.conf"/>
    <property name="sun.jnu.encoding" value="UTF-8"/>
    <property name="java.library.path" value="/Users/reliancehmo/Library/Java/Extensions:/Library/Java/Extensions:/Network/Library/Java/Extensions:/System/Library/Java/Extensions:/usr/lib/java:."/>
    <property name="maven.conf" value="/Applications/IntelliJ IDEA CE.app/Contents/plugins/maven/lib/maven3/conf"/>
    <property name="jdk.debug" value="release"/>
    <property name="java.class.version" value="60.0"/>
    <property name="java.specification.name" value="Java Platform API Specification"/>
    <property name="sun.management.compiler" value="HotSpot 64-Bit Tiered Compilers"/>
    <property name="os.version" value="11.4"/>
    <property name="http.nonProxyHosts" value="local|*.local|169.254/16|*.169.254/16"/>
    <property name="user.home" value="/Users/reliancehmo"/>
    <property name="user.timezone" value="Africa/Lagos"/>
    <property name="file.encoding" value="UTF-8"/>
    <property name="java.specification.version" value="16"/>
    <property name="user.name" value="reliancehmo"/>
    <property name="java.class.path" value="/Applications/IntelliJ IDEA CE.app/Contents/plugins/maven/lib/maven3/boot/plexus-classworlds.license:/Applications/IntelliJ IDEA CE.app/Contents/plugins/maven/lib/maven3/boot/plexus-classworlds-2.6.0.jar"/>
    <property name="java.vm.specification.version" value="16"/>
    <property name="sun.arch.data.model" value="64"/>
    <property name="sun.java.command" value="org.codehaus.classworlds.Launcher -Didea.version=2021.2.1 org.apache.maven.plugins:maven-surefire-plugin:2.19.1:test"/>
    <property name="java.home" value="/Library/Java/JavaVirtualMachines/jdk-16.0.2.jdk/Contents/Home"/>
    <property name="user.language" value="en"/>
    <property name="java.specification.vendor" value="Oracle Corporation"/>
    <property name="java.vm.info" value="mixed mode, sharing"/>
    <property name="java.version" value="16.0.2"/>
    <property name="java.vendor" value="Oracle Corporation"/>
    <property name="maven.home" value="/Applications/IntelliJ IDEA CE.app/Contents/plugins/maven/lib/maven3"/>
    <property name="file.separator" value="/"/>
    <property name="java.version.date" value="2021-07-20"/>
    <property name="java.vendor.url.bug" value="https://bugreport.java.com/bugreport/"/>
    <property name="sun.io.unicode.encoding" value="UnicodeBig"/>
    <property name="sun.cpu.endian" value="little"/>
    <property name="socksNonProxyHosts" value="local|*.local|169.254/16|*.169.254/16"/>
    <property name="ftp.nonProxyHosts" value="local|*.local|169.254/16|*.169.254/16"/>
  </properties>
  <testcase name="LandingPageTest" classname="DashBoard" time="9.783"/>
  <testcase name="VerifyAllLinks" classname="DashBoard" time="14.598"/>
  <testcase name="MenuTest" classname="DashBoard" time="6.647"/>
  <testcase name="EnrolleeTest" classname="DashBoard" time="1.756"/>
  <testcase name="AddFamilyMembersTest" classname="DashBoard" time="0.006"/>
  <testcase name="LandingPageTest" classname="BenefitTest" time="9.679"/>
  <testcase name="VerifyAllLinks" classname="BenefitTest" time="23.19"/>
  <testcase name="SearchBenefitPositiveTest" classname="BenefitTest" time="5.067"/>
  <testcase name="SearchBenefitNegativeTest" classname="BenefitTest" time="0">
    <skipped message="expected [true] but found [false]"/>
    <system-out><![CDATA[********Passed************* SearchBenefitPositiveTest  Fri Sep 24 10:23:44 WAT 2021 ****************
SearchBenefitNegativeTest started!
Trying to find Element By : By.xpath: //td[@class='dashboard-table-item dashboard-table-item__body'][contains(.,'A Gps-Enabled Access To Hospital Directories When Hospital Information Is Needed')]
Exception occured: org.openqa.selenium.NoSuchElementException: no such element: Unable to locate element: {"method":"xpath","selector":"//td[@class='dashboard-table-item dashboard-table-item__body'][contains(.,'A Gps-Enabled Access To Hospital Directories When Hospital Information Is Needed')]"}
  (Session info: chrome=93.0.4577.63)
For documentation on this error, please visit: https://www.seleniumhq.org/exceptions/no_such_element.html
Build info: version: '3.141.59', revision: 'e82be7d358', time: '2018-11-14T08:17:03'
System info: host: 'RELIANCEHMOs-MacBook-Pro.local', ip: 'fe80:0:0:0:14c8:7470:8341:b390%en0', os.name: 'Mac OS X', os.arch: 'x86_64', os.version: '11.4', java.version: '16.0.2'
Driver info: org.openqa.selenium.remote.RemoteWebDriver
Capabilities {acceptInsecureCerts: false, browserName: chrome, browserVersion: 93.0.4577.63, chrome: {chromedriverVersion: 93.0.4577.15 (660fc11082ba5..., userDataDir: C:\Users\ltuser\AppData\Loc...}, goog:chromeOptions: {debuggerAddress: localhost:60376}, javascriptEnabled: true, networkConnectionEnabled: false, pageLoadStrategy: normal, platform: WINDOWS, platformName: WINDOWS, proxy: Proxy(), setWindowRect: true, strictFileInteractability: false, timeouts: {implicit: 0, pageLoad: 300000, script: 30000}, unhandledPromptBehavior: dismiss and notify, webauthn:extension:credBlob: true, webauthn:extension:largeBlob: true, webauthn:virtualAuthenticators: true, webdriver.remote.sessionid: a72aa21e2605207351b3dba5a26...}
Session ID: a72aa21e2605207351b3dba5a26a8644
*** Element info: {Using=xpath, value=//td[@class='dashboard-table-item dashboard-table-item__body'][contains(.,'A Gps-Enabled Access To Hospital Directories When Hospital Information Is Needed')]}
Exception occured: org.openqa.selenium.NoSuchElementException: no such element: Unable to locate element: {"method":"xpath","selector":"//td[@class='dashboard-table-item dashboard-table-item__body'][contains(.,'A Gps-Enabled Access To Hospital Directories When Hospital Information Is Needed')]"}
  (Session info: chrome=93.0.4577.63)
For documentation on this error, please visit: https://www.seleniumhq.org/exceptions/no_such_element.html
Build info: version: '3.141.59', revision: 'e82be7d358', time: '2018-11-14T08:17:03'
System info: host: 'RELIANCEHMOs-MacBook-Pro.local', ip: 'fe80:0:0:0:14c8:7470:8341:b390%en0', os.name: 'Mac OS X', os.arch: 'x86_64', os.version: '11.4', java.version: '16.0.2'
Driver info: org.openqa.selenium.remote.RemoteWebDriver
Capabilities {acceptInsecureCerts: false, browserName: chrome, browserVersion: 93.0.4577.63, chrome: {chromedriverVersion: 93.0.4577.15 (660fc11082ba5..., userDataDir: C:\Users\ltuser\AppData\Loc...}, goog:chromeOptions: {debuggerAddress: localhost:60376}, javascriptEnabled: true, networkConnectionEnabled: false, pageLoadStrategy: normal, platform: WINDOWS, platformName: WINDOWS, proxy: Proxy(), setWindowRect: true, strictFileInteractability: false, timeouts: {implicit: 0, pageLoad: 300000, script: 30000}, unhandledPromptBehavior: dismiss and notify, webauthn:extension:credBlob: true, webauthn:extension:largeBlob: true, webauthn:virtualAuthenticators: true, webdriver.remote.sessionid: a72aa21e2605207351b3dba5a26...}
Session ID: a72aa21e2605207351b3dba5a26a8644
*** Element info: {Using=xpath, value=//td[@class='dashboard-table-item dashboard-table-item__body'][contains(.,'A Gps-Enabled Access To Hospital Directories When Hospital Information Is Needed')]}
WebElement Not Found: FAIL
]]></system-out>
  </testcase>
  <testcase name="SearchBenefitNegativeTest" classname="BenefitTest" time="31.44">
    <failure message="expected [true] but found [false]" type="java.lang.AssertionError">java.lang.AssertionError: expected [true] but found [false]
	at BenefitTest.SearchBenefitNegativeTest(BenefitTest.java:37)
</failure>
    <system-out><![CDATA[**********Skipped********** SearchBenefitNegativeTest  Fri Sep 24 10:24:06 WAT 2021 ********************
SearchBenefitNegativeTest started!
Trying to find Element By : By.xpath: //td[@class='dashboard-table-item dashboard-table-item__body'][contains(.,'A Gps-Enabled Access To Hospital Directories When Hospital Information Is Needed')]
Exception occured: org.openqa.selenium.NoSuchElementException: no such element: Unable to locate element: {"method":"xpath","selector":"//td[@class='dashboard-table-item dashboard-table-item__body'][contains(.,'A Gps-Enabled Access To Hospital Directories When Hospital Information Is Needed')]"}
  (Session info: chrome=93.0.4577.63)
For documentation on this error, please visit: https://www.seleniumhq.org/exceptions/no_such_element.html
Build info: version: '3.141.59', revision: 'e82be7d358', time: '2018-11-14T08:17:03'
System info: host: 'RELIANCEHMOs-MacBook-Pro.local', ip: 'fe80:0:0:0:14c8:7470:8341:b390%en0', os.name: 'Mac OS X', os.arch: 'x86_64', os.version: '11.4', java.version: '16.0.2'
Driver info: org.openqa.selenium.remote.RemoteWebDriver
Capabilities {acceptInsecureCerts: false, browserName: chrome, browserVersion: 93.0.4577.63, chrome: {chromedriverVersion: 93.0.4577.15 (660fc11082ba5..., userDataDir: C:\Users\ltuser\AppData\Loc...}, goog:chromeOptions: {debuggerAddress: localhost:60376}, javascriptEnabled: true, networkConnectionEnabled: false, pageLoadStrategy: normal, platform: WINDOWS, platformName: WINDOWS, proxy: Proxy(), setWindowRect: true, strictFileInteractability: false, timeouts: {implicit: 0, pageLoad: 300000, script: 30000}, unhandledPromptBehavior: dismiss and notify, webauthn:extension:credBlob: true, webauthn:extension:largeBlob: true, webauthn:virtualAuthenticators: true, webdriver.remote.sessionid: a72aa21e2605207351b3dba5a26...}
Session ID: a72aa21e2605207351b3dba5a26a8644
*** Element info: {Using=xpath, value=//td[@class='dashboard-table-item dashboard-table-item__body'][contains(.,'A Gps-Enabled Access To Hospital Directories When Hospital Information Is Needed')]}
Exception occured: org.openqa.selenium.NoSuchElementException: no such element: Unable to locate element: {"method":"xpath","selector":"//td[@class='dashboard-table-item dashboard-table-item__body'][contains(.,'A Gps-Enabled Access To Hospital Directories When Hospital Information Is Needed')]"}
  (Session info: chrome=93.0.4577.63)
For documentation on this error, please visit: https://www.seleniumhq.org/exceptions/no_such_element.html
Build info: version: '3.141.59', revision: 'e82be7d358', time: '2018-11-14T08:17:03'
System info: host: 'RELIANCEHMOs-MacBook-Pro.local', ip: 'fe80:0:0:0:14c8:7470:8341:b390%en0', os.name: 'Mac OS X', os.arch: 'x86_64', os.version: '11.4', java.version: '16.0.2'
Driver info: org.openqa.selenium.remote.RemoteWebDriver
Capabilities {acceptInsecureCerts: false, browserName: chrome, browserVersion: 93.0.4577.63, chrome: {chromedriverVersion: 93.0.4577.15 (660fc11082ba5..., userDataDir: C:\Users\ltuser\AppData\Loc...}, goog:chromeOptions: {debuggerAddress: localhost:60376}, javascriptEnabled: true, networkConnectionEnabled: false, pageLoadStrategy: normal, platform: WINDOWS, platformName: WINDOWS, proxy: Proxy(), setWindowRect: true, strictFileInteractability: false, timeouts: {implicit: 0, pageLoad: 300000, script: 30000}, unhandledPromptBehavior: dismiss and notify, webauthn:extension:credBlob: true, webauthn:extension:largeBlob: true, webauthn:virtualAuthenticators: true, webdriver.remote.sessionid: a72aa21e2605207351b3dba5a26...}
Session ID: a72aa21e2605207351b3dba5a26a8644
*** Element info: {Using=xpath, value=//td[@class='dashboard-table-item dashboard-table-item__body'][contains(.,'A Gps-Enabled Access To Hospital Directories When Hospital Information Is Needed')]}
WebElement Not Found: FAIL
]]></system-out>
  </testcase>
  <testcase name="AccessSecondaryCareTest" classname="BenefitTest" time="2.011"/>
  <testcase name="LandingPageTest" classname="MyHospitalTest" time="12.173"/>
  <testcase name="VerifyAllLinks" classname="MyHospitalTest" time="19.4"/>
  <testcase name="SearchHospitalPositiveTest" classname="MyHospitalTest" time="5.971"/>
  <testcase name="SearchHospitalNegativeTest" classname="MyHospitalTest" time="4.252"/>
</testsuite>